Using pre-set license
Built from '2021.3/staging' branch; Version is '2021.3.26f1 (a16dc32e0ff2) revision 10579395'; Using compiler version '192829333'; Build Type 'Release'
OS: 'Windows 10  (10.0.19045) 64bit CoreSingleLanguage' Language: 'en' Physical Memory: 16314 MB
BatchMode: 1, IsHumanControllingUs: 0, StartBugReporterOnCrash: 0, Is64bit: 1, IsPro: 1

COMMAND LINE ARGUMENTS:
C:\Program Files\Unity\Hub\Editor\2021.3.26f1\Editor\Unity.exe
-adb2
-batchMode
-noUpm
-name
AssetImportWorker0
-projectPath
C:/Projects/Unity_Projects/TestTask-GoDreams
-logFile
Logs/AssetImportWorker0.log
-srvPort
63494
Successfully changed project path to: C:/Projects/Unity_Projects/TestTask-GoDreams
C:/Projects/Unity_Projects/TestTask-GoDreams
[UnityMemory] Configuration Parameters - Can be set up in boot.config
    "memorysetup-bucket-allocator-granularity=16"
    "memorysetup-bucket-allocator-bucket-count=8"
    "memorysetup-bucket-allocator-block-size=33554432"
    "memorysetup-bucket-allocator-block-count=8"
    "memorysetup-main-allocator-block-size=16777216"
    "memorysetup-thread-allocator-block-size=16777216"
    "memorysetup-gfx-main-allocator-block-size=16777216"
    "memorysetup-gfx-thread-allocator-block-size=16777216"
    "memorysetup-cache-allocator-block-size=4194304"
    "memorysetup-typetree-allocator-block-size=2097152"
    "memorysetup-profiler-bucket-allocator-granularity=16"
    "memorysetup-profiler-bucket-allocator-bucket-count=8"
    "memorysetup-profiler-bucket-allocator-block-size=33554432"
    "memorysetup-profiler-bucket-allocator-block-count=8"
    "memorysetup-profiler-allocator-block-size=16777216"
    "memorysetup-profiler-editor-allocator-block-size=1048576"
    "memorysetup-temp-allocator-size-main=16777216"
    "memorysetup-job-temp-allocator-block-size=2097152"
    "memorysetup-job-temp-allocator-block-size-background=1048576"
    "memorysetup-job-temp-allocator-reduction-small-platforms=262144"
    "memorysetup-temp-allocator-size-background-worker=32768"
    "memorysetup-temp-allocator-size-job-worker=262144"
    "memorysetup-temp-allocator-size-preload-manager=33554432"
    "memorysetup-temp-allocator-size-nav-mesh-worker=65536"
    "memorysetup-temp-allocator-size-audio-worker=65536"
    "memorysetup-temp-allocator-size-cloud-worker=32768"
    "memorysetup-temp-allocator-size-gi-baking-worker=262144"
    "memorysetup-temp-allocator-size-gfx=262144"
Player connection [19448] Host "[IP] 192.168.56.1 [Port] 0 [Flags] 2 [Guid] 3397255692 [EditorId] 3397255692 [Version] 1048832 [Id] WindowsEditor(7,DESKTOP-CI1AED1) [Debug] 1 [PackageName] WindowsEditor [ProjectName] Editor" joined multi-casting on [225.0.0.222:54997]...

Player connection [19448] Host "[IP] 192.168.56.1 [Port] 0 [Flags] 2 [Guid] 3397255692 [EditorId] 3397255692 [Version] 1048832 [Id] WindowsEditor(7,DESKTOP-CI1AED1) [Debug] 1 [PackageName] WindowsEditor [ProjectName] Editor" joined alternative multi-casting on [225.0.0.222:34997]...

Refreshing native plugins compatible for Editor in 99.73 ms, found 3 plugins.
Preloading 0 native plugins for Editor in 0.00 ms.
Initialize engine version: 2021.3.26f1 (a16dc32e0ff2)
[Subsystems] Discovering subsystems at path C:/Program Files/Unity/Hub/Editor/2021.3.26f1/Editor/Data/Resources/UnitySubsystems
[Subsystems] Discovering subsystems at path C:/Projects/Unity_Projects/TestTask-GoDreams/Assets
GfxDevice: creating device client; threaded=0; jobified=0
Direct3D:
    Version:  Direct3D 11.0 [level 11.0]
    Renderer: NVIDIA GeForce GTX 850M (ID=0x1391)
    Vendor:   NVIDIA
    VRAM:     4047 MB
    Driver:   32.0.15.6603
Initialize mono
Mono path[0] = 'C:/Program Files/Unity/Hub/Editor/2021.3.26f1/Editor/Data/Managed'
Mono path[1] = 'C:/Program Files/Unity/Hub/Editor/2021.3.26f1/Editor/Data/MonoBleedingEdge/lib/mono/unityjit-win32'
Mono config path = 'C:/Program Files/Unity/Hub/Editor/2021.3.26f1/Editor/Data/MonoBleedingEdge/etc'
Using monoOptions --debugger-agent=transport=dt_socket,embedding=1,server=y,suspend=n,address=127.0.0.1:56832
Begin MonoManager ReloadAssembly
Registering precompiled unity dll's ...
Register platform support module: C:/Program Files/Unity/Hub/Editor/2021.3.26f1/Editor/Data/PlaybackEngines/AndroidPlayer/UnityEditor.Android.Extensions.dll
Register platform support module: C:/Program Files/Unity/Hub/Editor/2021.3.26f1/Editor/Data/PlaybackEngines/WindowsStandaloneSupport/UnityEditor.WindowsStandalone.Extensions.dll
Registered in 0.016011 seconds.
Native extension for WindowsStandalone target not found
Native extension for Android target not found
Android Extension - Scanning For ADB Devices 436 ms
Refreshing native plugins compatible for Editor in 94.03 ms, found 3 plugins.
Preloading 0 native plugins for Editor in 0.00 ms.
Mono: successfully reloaded assembly
- Completed reload, in  1.476 seconds
Domain Reload Profiling:
	ReloadAssembly (1476ms)
		BeginReloadAssembly (123ms)
			ExecutionOrderSort (0ms)
			DisableScriptedObjects (0ms)
			BackupInstance (0ms)
			ReleaseScriptingObjects (0ms)
			CreateAndSetChildDomain (1ms)
		EndReloadAssembly (1174ms)
			LoadAssemblies (121ms)
			RebuildTransferFunctionScriptingTraits (0ms)
			SetupTypeCache (176ms)
			ReleaseScriptCaches (0ms)
			RebuildScriptCaches (44ms)
			SetupLoadedEditorAssemblies (874ms)
				LogAssemblyErrors (0ms)
				InitializePlatformSupportModulesInManaged (586ms)
				SetLoadedEditorAssemblies (0ms)
				RefreshPlugins (94ms)
				BeforeProcessingInitializeOnLoad (2ms)
				ProcessInitializeOnLoadAttributes (123ms)
				ProcessInitializeOnLoadMethodAttributes (69ms)
				AfterProcessingInitializeOnLoad (0ms)
				EditorAssembliesLoaded (0ms)
			ExecutionOrderSort2 (0ms)
			AwakeInstancesAfterBackupRestoration (0ms)
Platform modules already initialized, skipping
Registering precompiled user dll's ...
Registered in 0.007508 seconds.
Begin MonoManager ReloadAssembly
Symbol file LoadedFromMemory doesn't match image C:\Projects\Unity_Projects\TestTask-GoDreams\Library\PackageCache\com.unity.visualscripting@1.8.0\Editor\VisualScripting.Core\Dependencies\YamlDotNet\Unity.VisualScripting.YamlDotNet.dll
Symbol file LoadedFromMemory doesn't match image C:\Projects\Unity_Projects\TestTask-GoDreams\Library\PackageCache\com.unity.visualscripting@1.8.0\Editor\VisualScripting.Core\Dependencies\DotNetZip\Unity.VisualScripting.IonicZip.dll
Native extension for WindowsStandalone target not found
Native extension for Android target not found
Refreshing native plugins compatible for Editor in 0.71 ms, found 3 plugins.
Preloading 0 native plugins for Editor in 0.00 ms.
Mono: successfully reloaded assembly
- Completed reload, in  1.466 seconds
Domain Reload Profiling:
	ReloadAssembly (1467ms)
		BeginReloadAssembly (191ms)
			ExecutionOrderSort (0ms)
			DisableScriptedObjects (10ms)
			BackupInstance (0ms)
			ReleaseScriptingObjects (0ms)
			CreateAndSetChildDomain (30ms)
		EndReloadAssembly (1113ms)
			LoadAssemblies (145ms)
			RebuildTransferFunctionScriptingTraits (0ms)
			SetupTypeCache (406ms)
			ReleaseScriptCaches (1ms)
			RebuildScriptCaches (72ms)
			SetupLoadedEditorAssemblies (441ms)
				LogAssemblyErrors (0ms)
				InitializePlatformSupportModulesInManaged (28ms)
				SetLoadedEditorAssemblies (1ms)
				RefreshPlugins (1ms)
				BeforeProcessingInitializeOnLoad (95ms)
				ProcessInitializeOnLoadAttributes (280ms)
				ProcessInitializeOnLoadMethodAttributes (27ms)
				AfterProcessingInitializeOnLoad (9ms)
				EditorAssembliesLoaded (0ms)
			ExecutionOrderSort2 (0ms)
			AwakeInstancesAfterBackupRestoration (8ms)
Platform modules already initialized, skipping
========================================================================
Worker process is ready to serve import requests
Launched and connected shader compiler UnityShaderCompiler.exe after 0.08 seconds
Refreshing native plugins compatible for Editor in 1.10 ms, found 3 plugins.
Preloading 0 native plugins for Editor in 0.00 ms.
Unloading 3061 Unused Serialized files (Serialized files now loaded: 0)
Unloading 22 unused Assets / (285.1 KB). Loaded Objects now: 3545.
Memory consumption went from 142.1 MB to 141.8 MB.
Total: 6.933900 ms (FindLiveObjects: 0.506200 ms CreateObjectMapping: 0.203600 ms MarkObjects: 6.054400 ms  DeleteObjects: 0.168400 ms)

AssetImportParameters requested are different than current active one (requested -> active):
  custom:video-decoder-ogg-theora: a1e56fd34408186e4bbccfd4996cb3dc -> 
  custom:container-muxer-webm: aa71ff27fc2769a1b78a27578f13a17b -> 
  custom:container-demuxer-webm: 4f35f7cbe854078d1ac9338744f61a02 -> 
  custom:video-encoder-webm-vp8: eb34c28f22e8b96e1ab97ce403110664 -> 
  custom:audio-encoder-webm-vorbis: bf7c407c2cedff20999df2af8eb42d56 -> 
  custom:framework-win-MediaFoundation: 216162199b28c13a410421893ffa2e32 -> 
  custom:container-demuxer-ogg: 62fdf1f143b41e24485cea50d1cbac27 -> 
  custom:video-decoder-webm-vp8: 9c59270c3fd7afecdb556c50c9e8de78 -> 
  custom:audio-decoder-ogg-vorbis: bf7c407c2cedff20999df2af8eb42d56 -> 
========================================================================
Received Import Request.
  Time since last request: 450300.643115 seconds.
  path: Assets/Handpainted_Grass_and_Ground_Textures/Textures/Snow/snow_dark.png
  artifactKey: Guid(168ed7b3c5d0c8f438a62bbfbb32514a) Importer(815301076,1909f56bfc062723c751e8b465ee728b)
Start importing Assets/Handpainted_Grass_and_Ground_Textures/Textures/Snow/snow_dark.png using Guid(168ed7b3c5d0c8f438a62bbfbb32514a) Importer(815301076,1909f56bfc062723c751e8b465ee728b)  -> (artifact id: '71ed68fcdd4ba18b48041d8472efba89') in 0.214342 seconds 
========================================================================
Received Import Request.
  Time since last request: 0.000046 seconds.
  path: Assets/Handpainted_Grass_and_Ground_Textures/Textures/Snow/snow_dark_step_003.png
  artifactKey: Guid(521e12763c5634e44a33c34267921e67) Importer(815301076,1909f56bfc062723c751e8b465ee728b)
Start importing Assets/Handpainted_Grass_and_Ground_Textures/Textures/Snow/snow_dark_step_003.png using Guid(521e12763c5634e44a33c34267921e67) Importer(815301076,1909f56bfc062723c751e8b465ee728b)  -> (artifact id: '8f91f216de301dd84abb9c918daa76c6') in 0.049900 seconds 
========================================================================
Received Import Request.
  Time since last request: 0.000056 seconds.
  path: Assets/Handpainted_Grass_and_Ground_Textures/Textures/Snow/snow_dark_step_008.png
  artifactKey: Guid(f95c0dc1c6be6db44b5eb13bbd0e8aec) Importer(815301076,1909f56bfc062723c751e8b465ee728b)
Start importing Assets/Handpainted_Grass_and_Ground_Textures/Textures/Snow/snow_dark_step_008.png using Guid(f95c0dc1c6be6db44b5eb13bbd0e8aec) Importer(815301076,1909f56bfc062723c751e8b465ee728b)  -> (artifact id: 'ada869bb5973d25c0ffcf0031829bc84') in 0.037529 seconds 
========================================================================
Received Import Request.
  Time since last request: 0.000037 seconds.
  path: Assets/Handpainted_Grass_and_Ground_Textures/Textures/Snow/snow_step_007.png
  artifactKey: Guid(acf74e6093c374f47b71acab15537e5a) Importer(815301076,1909f56bfc062723c751e8b465ee728b)
Start importing Assets/Handpainted_Grass_and_Ground_Textures/Textures/Snow/snow_step_007.png using Guid(acf74e6093c374f47b71acab15537e5a) Importer(815301076,1909f56bfc062723c751e8b465ee728b)  -> (artifact id: 'fc279f9e287589a60bc7bf6dd0c985ca') in 0.045670 seconds 
========================================================================
Received Import Request.
  Time since last request: 0.000028 seconds.
  path: Assets/Handpainted_Grass_and_Ground_Textures/Textures/Snow/snow_normal.png
  artifactKey: Guid(75b807f3d28ec1644aeac1e8f4a2d857) Importer(815301076,1909f56bfc062723c751e8b465ee728b)
Start importing Assets/Handpainted_Grass_and_Ground_Textures/Textures/Snow/snow_normal.png using Guid(75b807f3d28ec1644aeac1e8f4a2d857) Importer(815301076,1909f56bfc062723c751e8b465ee728b)  -> (artifact id: '27859b0bc159bb6b19c9747b5aba0bc2') in 0.047520 seconds 
========================================================================
Received Import Request.
  Time since last request: 0.000032 seconds.
  path: Assets/Handpainted_Grass_and_Ground_Textures/Textures/Snow/snow_super_dark_step_004.png
  artifactKey: Guid(d9fc12878fd9aab429f0b32a0de2a946) Importer(815301076,1909f56bfc062723c751e8b465ee728b)
Start importing Assets/Handpainted_Grass_and_Ground_Textures/Textures/Snow/snow_super_dark_step_004.png using Guid(d9fc12878fd9aab429f0b32a0de2a946) Importer(815301076,1909f56bfc062723c751e8b465ee728b)  -> (artifact id: '5b3ca332461efdddaaabb2c685e3825d') in 0.042533 seconds 
========================================================================
Received Import Request.
  Time since last request: 0.000036 seconds.
  path: Assets/Handpainted_Grass_and_Ground_Textures/Textures/Snow/snow_super_dark_step_005.png
  artifactKey: Guid(ac04715e484b8be41836b14e295d28dc) Importer(815301076,1909f56bfc062723c751e8b465ee728b)
Start importing Assets/Handpainted_Grass_and_Ground_Textures/Textures/Snow/snow_super_dark_step_005.png using Guid(ac04715e484b8be41836b14e295d28dc) Importer(815301076,1909f56bfc062723c751e8b465ee728b)  -> (artifact id: 'acff65c3d292b5b5c31f9ce898166bc4') in 0.047556 seconds 
========================================================================
Received Import Request.
  Time since last request: 0.000094 seconds.
  path: Assets/Handpainted_Grass_and_Ground_Textures/Textures/Snow/snow_dark_step_002.png
  artifactKey: Guid(2826a1d0587eb884fa46e577b80311bf) Importer(815301076,1909f56bfc062723c751e8b465ee728b)
Start importing Assets/Handpainted_Grass_and_Ground_Textures/Textures/Snow/snow_dark_step_002.png using Guid(2826a1d0587eb884fa46e577b80311bf) Importer(815301076,1909f56bfc062723c751e8b465ee728b)  -> (artifact id: '540a9f30556ac539965703638535ed22') in 0.038450 seconds 
========================================================================
Received Import Request.
  Time since last request: 0.000029 seconds.
  path: Assets/Handpainted_Grass_and_Ground_Textures/Textures/Snow/snow_step_006.png
  artifactKey: Guid(5f0db5799f4eac647b28327a42a907b9) Importer(815301076,1909f56bfc062723c751e8b465ee728b)
Start importing Assets/Handpainted_Grass_and_Ground_Textures/Textures/Snow/snow_step_006.png using Guid(5f0db5799f4eac647b28327a42a907b9) Importer(815301076,1909f56bfc062723c751e8b465ee728b)  -> (artifact id: '0b239e6499debaa13bc042408b0dcd49') in 0.048113 seconds 
========================================================================
Received Import Request.
  Time since last request: 0.000028 seconds.
  path: Assets/Handpainted_Grass_and_Ground_Textures/Textures/Snow/snow_dark_step_006.png
  artifactKey: Guid(42273ea91cdd8f640811c58fc4249ba9) Importer(815301076,1909f56bfc062723c751e8b465ee728b)
Start importing Assets/Handpainted_Grass_and_Ground_Textures/Textures/Snow/snow_dark_step_006.png using Guid(42273ea91cdd8f640811c58fc4249ba9) Importer(815301076,1909f56bfc062723c751e8b465ee728b)  -> (artifact id: 'd6549683f6f95f5fe180722c7efaef15') in 0.046527 seconds 
========================================================================
Received Import Request.
  Time since last request: 0.000039 seconds.
  path: Assets/Handpainted_Grass_and_Ground_Textures/Textures/Snow/snow_step_008.png
  artifactKey: Guid(c74775dcd81327747a3906d145705271) Importer(815301076,1909f56bfc062723c751e8b465ee728b)
Start importing Assets/Handpainted_Grass_and_Ground_Textures/Textures/Snow/snow_step_008.png using Guid(c74775dcd81327747a3906d145705271) Importer(815301076,1909f56bfc062723c751e8b465ee728b)  -> (artifact id: '81208b48661dbd1d7c51bad07fee9502') in 0.039743 seconds 
========================================================================
Received Import Request.
  Time since last request: 0.000048 seconds.
  path: Assets/Handpainted_Grass_and_Ground_Textures/Textures/Snow/snow_step_002.png
  artifactKey: Guid(1d644c45198c23a49ac4a7c22f844856) Importer(815301076,1909f56bfc062723c751e8b465ee728b)
Start importing Assets/Handpainted_Grass_and_Ground_Textures/Textures/Snow/snow_step_002.png using Guid(1d644c45198c23a49ac4a7c22f844856) Importer(815301076,1909f56bfc062723c751e8b465ee728b)  -> (artifact id: '6d2c2153e4959bba572acf4194d842c3') in 0.052298 seconds 
========================================================================
Received Import Request.
  Time since last request: 0.000046 seconds.
  path: Assets/Handpainted_Grass_and_Ground_Textures/Textures/Snow/snow_step_005.png
  artifactKey: Guid(b45f270e087ead1448e78cc8447e03f6) Importer(815301076,1909f56bfc062723c751e8b465ee728b)
Start importing Assets/Handpainted_Grass_and_Ground_Textures/Textures/Snow/snow_step_005.png using Guid(b45f270e087ead1448e78cc8447e03f6) Importer(815301076,1909f56bfc062723c751e8b465ee728b)  -> (artifact id: '962c67b584a93c150923d8b4b17b9f55') in 0.038853 seconds 
========================================================================
Received Import Request.
  Time since last request: 0.000025 seconds.
  path: Assets/Handpainted_Grass_and_Ground_Textures/Textures/Snow/snow_super_dark_step_003.png
  artifactKey: Guid(450dfeeb2b9a91842a8ea806175869b1) Importer(815301076,1909f56bfc062723c751e8b465ee728b)
Start importing Assets/Handpainted_Grass_and_Ground_Textures/Textures/Snow/snow_super_dark_step_003.png using Guid(450dfeeb2b9a91842a8ea806175869b1) Importer(815301076,1909f56bfc062723c751e8b465ee728b)  -> (artifact id: 'bbc9426300059d5476d69dd292a72326') in 0.038109 seconds 
========================================================================
Received Import Request.
  Time since last request: 0.000034 seconds.
  path: Assets/Handpainted_Grass_and_Ground_Textures/Textures/Snow/snow_step_004.png
  artifactKey: Guid(35896bdd91471e340a9d5fcf6a3a0d2f) Importer(815301076,1909f56bfc062723c751e8b465ee728b)
Start importing Assets/Handpainted_Grass_and_Ground_Textures/Textures/Snow/snow_step_004.png using Guid(35896bdd91471e340a9d5fcf6a3a0d2f) Importer(815301076,1909f56bfc062723c751e8b465ee728b)  -> (artifact id: 'd60ad49ea41a76401bd7a56ea7cfd09b') in 0.047441 seconds 
========================================================================
Received Import Request.
  Time since last request: 0.000030 seconds.
  path: Assets/Handpainted_Grass_and_Ground_Textures/Textures/Snow/snow_super_dark_step_001.png
  artifactKey: Guid(b8afc2645b654e647b6e6262f6ff887d) Importer(815301076,1909f56bfc062723c751e8b465ee728b)
Start importing Assets/Handpainted_Grass_and_Ground_Textures/Textures/Snow/snow_super_dark_step_001.png using Guid(b8afc2645b654e647b6e6262f6ff887d) Importer(815301076,1909f56bfc062723c751e8b465ee728b)  -> (artifact id: '56eb9c2eb7da1d495d62310358780e49') in 0.041289 seconds 
========================================================================
Received Import Request.
  Time since last request: 0.000036 seconds.
  path: Assets/Handpainted_Grass_and_Ground_Textures/Textures/Snow/snow_step_001.png
  artifactKey: Guid(732ab7d0122d1404b82ab0939ac4e4ef) Importer(815301076,1909f56bfc062723c751e8b465ee728b)
Start importing Assets/Handpainted_Grass_and_Ground_Textures/Textures/Snow/snow_step_001.png using Guid(732ab7d0122d1404b82ab0939ac4e4ef) Importer(815301076,1909f56bfc062723c751e8b465ee728b)  -> (artifact id: '8dec5dd630cae5c1c8acaab6f2a17d34') in 0.038975 seconds 
========================================================================
Received Import Request.
  Time since last request: 0.000044 seconds.
  path: Assets/Handpainted_Grass_and_Ground_Textures/Textures/Snow/snow_super_dark_step_007.png
  artifactKey: Guid(fc1d5bb3816d590439581cef1f715162) Importer(815301076,1909f56bfc062723c751e8b465ee728b)
Start importing Assets/Handpainted_Grass_and_Ground_Textures/Textures/Snow/snow_super_dark_step_007.png using Guid(fc1d5bb3816d590439581cef1f715162) Importer(815301076,1909f56bfc062723c751e8b465ee728b)  -> (artifact id: '495eb54a264ea0acc8b8071378dc2e12') in 0.039030 seconds 
========================================================================
Received Import Request.
  Time since last request: 0.000056 seconds.
  path: Assets/Handpainted_Grass_and_Ground_Textures/Textures/Snow/snow_dark_step_005.png
  artifactKey: Guid(cdf5143628bf7444ea06f268c1cfddb4) Importer(815301076,1909f56bfc062723c751e8b465ee728b)
Start importing Assets/Handpainted_Grass_and_Ground_Textures/Textures/Snow/snow_dark_step_005.png using Guid(cdf5143628bf7444ea06f268c1cfddb4) Importer(815301076,1909f56bfc062723c751e8b465ee728b)  -> (artifact id: '624fdf3ff379ac70c61ca2a4e55776fd') in 0.038808 seconds 
========================================================================
Received Import Request.
  Time since last request: 0.000037 seconds.
  path: Assets/Handpainted_Grass_and_Ground_Textures/Textures/Snow/snow_super_dark_step_006.png
  artifactKey: Guid(1f7e9ba89527ba14d913140cfca0bb10) Importer(815301076,1909f56bfc062723c751e8b465ee728b)
Start importing Assets/Handpainted_Grass_and_Ground_Textures/Textures/Snow/snow_super_dark_step_006.png using Guid(1f7e9ba89527ba14d913140cfca0bb10) Importer(815301076,1909f56bfc062723c751e8b465ee728b)  -> (artifact id: '926879bf4521e93962f2abdcd78cc905') in 0.042007 seconds 
========================================================================
Received Import Request.
  Time since last request: 0.000031 seconds.
  path: Assets/Handpainted_Grass_and_Ground_Textures/Textures/Snow/snow_dark_step_004.png
  artifactKey: Guid(3cfa05b503949ef498b3ab1b25245135) Importer(815301076,1909f56bfc062723c751e8b465ee728b)
Start importing Assets/Handpainted_Grass_and_Ground_Textures/Textures/Snow/snow_dark_step_004.png using Guid(3cfa05b503949ef498b3ab1b25245135) Importer(815301076,1909f56bfc062723c751e8b465ee728b)  -> (artifact id: '8886aaab65ae231924aa3d5d4cbb1c5a') in 0.037659 seconds 
========================================================================
Received Import Request.
  Time since last request: 0.000033 seconds.
  path: Assets/Handpainted_Grass_and_Ground_Textures/Textures/Snow/snow_super_dark.png
  artifactKey: Guid(6ae24699072028c47b5e79666801b5bf) Importer(815301076,1909f56bfc062723c751e8b465ee728b)
Start importing Assets/Handpainted_Grass_and_Ground_Textures/Textures/Snow/snow_super_dark.png using Guid(6ae24699072028c47b5e79666801b5bf) Importer(815301076,1909f56bfc062723c751e8b465ee728b)  -> (artifact id: '0ad2ce74d9f1c29a2225923b17f1c25f') in 0.036311 seconds 
========================================================================
Received Import Request.
  Time since last request: 0.000033 seconds.
  path: Assets/Handpainted_Grass_and_Ground_Textures/Textures/Snow/snow_step_003.png
  artifactKey: Guid(d2b861fad968c574c9312f5ce9c8fbb0) Importer(815301076,1909f56bfc062723c751e8b465ee728b)
Start importing Assets/Handpainted_Grass_and_Ground_Textures/Textures/Snow/snow_step_003.png using Guid(d2b861fad968c574c9312f5ce9c8fbb0) Importer(815301076,1909f56bfc062723c751e8b465ee728b)  -> (artifact id: '96b6c1a03cbab3183f412236f6ee2929') in 0.037546 seconds 
========================================================================
Received Import Request.
  Time since last request: 0.000041 seconds.
  path: Assets/Handpainted_Grass_and_Ground_Textures/Textures/Snow/snow_super_dark_step_002.png
  artifactKey: Guid(84bb7ba2fb5ef634886aaa8fc78b15a3) Importer(815301076,1909f56bfc062723c751e8b465ee728b)
Start importing Assets/Handpainted_Grass_and_Ground_Textures/Textures/Snow/snow_super_dark_step_002.png using Guid(84bb7ba2fb5ef634886aaa8fc78b15a3) Importer(815301076,1909f56bfc062723c751e8b465ee728b)  -> (artifact id: 'd45f191a15934b3c986b745ea53f4bfa') in 0.037035 seconds 
========================================================================
Received Import Request.
  Time since last request: 0.000045 seconds.
  path: Assets/Handpainted_Grass_and_Ground_Textures/Textures/Snow/snow_super_dark_step_008.png
  artifactKey: Guid(571a212af263b2c47ace08d1cd1bd3b5) Importer(815301076,1909f56bfc062723c751e8b465ee728b)
Start importing Assets/Handpainted_Grass_and_Ground_Textures/Textures/Snow/snow_super_dark_step_008.png using Guid(571a212af263b2c47ace08d1cd1bd3b5) Importer(815301076,1909f56bfc062723c751e8b465ee728b)  -> (artifact id: 'af8fe6188e5ab88151bbd8b50f0c319c') in 0.034849 seconds 
========================================================================
Received Import Request.
  Time since last request: 0.000029 seconds.
  path: Assets/Handpainted_Grass_and_Ground_Textures/Textures/Snow/snow_dark_step_001.png
  artifactKey: Guid(480fe2806ca582249bb9e199a21335b6) Importer(815301076,1909f56bfc062723c751e8b465ee728b)
Start importing Assets/Handpainted_Grass_and_Ground_Textures/Textures/Snow/snow_dark_step_001.png using Guid(480fe2806ca582249bb9e199a21335b6) Importer(815301076,1909f56bfc062723c751e8b465ee728b)  -> (artifact id: '15fe4db4b1361908bf7664ba5e82aa5c') in 0.033772 seconds 
========================================================================
Received Import Request.
  Time since last request: 0.000044 seconds.
  path: Assets/Handpainted_Grass_and_Ground_Textures/Textures/Snow/snow_dark_step_007.png
  artifactKey: Guid(fd1b4f2bb67053b47a64ebec95973537) Importer(815301076,1909f56bfc062723c751e8b465ee728b)
Start importing Assets/Handpainted_Grass_and_Ground_Textures/Textures/Snow/snow_dark_step_007.png using Guid(fd1b4f2bb67053b47a64ebec95973537) Importer(815301076,1909f56bfc062723c751e8b465ee728b)  -> (artifact id: 'bdd7b2afa585ae2ad8b5084c85163974') in 0.041143 seconds 
========================================================================
Received Import Request.
  Time since last request: 4593.969550 seconds.
  path: Assets/Handpainted_Grass_and_Ground_Textures/Textures/Dirt/dirt_desatured_rocks/dirt_desatured_rocks_down.png
  artifactKey: Guid(6dc316139475bb04e887760522945098) Importer(815301076,1909f56bfc062723c751e8b465ee728b)
Start importing Assets/Handpainted_Grass_and_Ground_Textures/Textures/Dirt/dirt_desatured_rocks/dirt_desatured_rocks_down.png using Guid(6dc316139475bb04e887760522945098) Importer(815301076,1909f56bfc062723c751e8b465ee728b)  -> (artifact id: '4538eb9cb49f8dd9d0067c114149b4ee') in 0.103906 seconds 
========================================================================
Received Import Request.
  Time since last request: 93.183545 seconds.
  path: Assets/LowPolyFarmLite/Textures/LowPolyFarmLite_Texture_01.png
  artifactKey: Guid(7bc9a4bafdf20d7409ec5c6155c56f4e) Importer(815301076,1909f56bfc062723c751e8b465ee728b)
Start importing Assets/LowPolyFarmLite/Textures/LowPolyFarmLite_Texture_01.png using Guid(7bc9a4bafdf20d7409ec5c6155c56f4e) Importer(815301076,1909f56bfc062723c751e8b465ee728b)  -> (artifact id: '3ae4c2ae1e142fc73e05b663afd2710a') in 0.052433 seconds 
========================================================================
Received Import Request.
  Time since last request: 4409.966912 seconds.
  path: Assets/New Terrain.asset
  artifactKey: Guid(b08bc2ff66d549b448061ac008d59133) Importer(815301076,1909f56bfc062723c751e8b465ee728b)
Start importing Assets/New Terrain.asset using Guid(b08bc2ff66d549b448061ac008d59133) Importer(815301076,1909f56bfc062723c751e8b465ee728b)  -> (artifact id: '8f759ab0419c13f33780c459372ea752') in 0.171797 seconds 
========================================================================
Received Import Request.
  Time since last request: 36.561689 seconds.
  path: Assets/NPC_Primary.mat
  artifactKey: Guid(9719cd35f4a0afe46b5a48cf60061926) Importer(815301076,1909f56bfc062723c751e8b465ee728b)
Start importing Assets/NPC_Primary.mat using Guid(9719cd35f4a0afe46b5a48cf60061926) Importer(815301076,1909f56bfc062723c751e8b465ee728b)  -> (artifact id: 'cd38b2af49aa021d36d81f6a2dff1816') in 0.208354 seconds 
========================================================================
Received Import Request.
  Time since last request: 8.594062 seconds.
  path: Assets/NPCPrimary.mat
  artifactKey: Guid(9719cd35f4a0afe46b5a48cf60061926) Importer(815301076,1909f56bfc062723c751e8b465ee728b)
Start importing Assets/NPCPrimary.mat using Guid(9719cd35f4a0afe46b5a48cf60061926) Importer(815301076,1909f56bfc062723c751e8b465ee728b)  -> (artifact id: '48cdd6724f79acbc13050bce4cd1c6e6') in 0.029639 seconds 
========================================================================
Received Import Request.
  Time since last request: 90.745700 seconds.
  path: Assets/NPCSecondary.mat
  artifactKey: Guid(4eeb7a6bbeefd6e479b8c1ccb1436ce8) Importer(815301076,1909f56bfc062723c751e8b465ee728b)
Start importing Assets/NPCSecondary.mat using Guid(4eeb7a6bbeefd6e479b8c1ccb1436ce8) Importer(815301076,1909f56bfc062723c751e8b465ee728b)  -> (artifact id: 'a569cf680ce6143a3d1f905981bf19f2') in 0.028253 seconds 
========================================================================
Received Import Request.
  Time since last request: 427.337594 seconds.
  path: Assets/NPCPrimary.mat
  artifactKey: Guid(9719cd35f4a0afe46b5a48cf60061926) Importer(815301076,1909f56bfc062723c751e8b465ee728b)
Start importing Assets/NPCPrimary.mat using Guid(9719cd35f4a0afe46b5a48cf60061926) Importer(815301076,1909f56bfc062723c751e8b465ee728b)  -> (artifact id: '21bee06161b21293cf9da8bd48d039f7') in 0.033522 seconds 
========================================================================
Received Import Request.
  Time since last request: 0.000027 seconds.
  path: Assets/NPCSecondary.mat
  artifactKey: Guid(4eeb7a6bbeefd6e479b8c1ccb1436ce8) Importer(815301076,1909f56bfc062723c751e8b465ee728b)
Start importing Assets/NPCSecondary.mat using Guid(4eeb7a6bbeefd6e479b8c1ccb1436ce8) Importer(815301076,1909f56bfc062723c751e8b465ee728b)  -> (artifact id: '224c54bb2b35227e960f47238e77dd33') in 0.032347 seconds 
========================================================================
Received Import Request.
  Time since last request: 382.213727 seconds.
  path: Assets/New Terrain.asset
  artifactKey: Guid(b08bc2ff66d549b448061ac008d59133) Importer(815301076,1909f56bfc062723c751e8b465ee728b)
Start importing Assets/New Terrain.asset using Guid(b08bc2ff66d549b448061ac008d59133) Importer(815301076,1909f56bfc062723c751e8b465ee728b)  -> (artifact id: '2000307ee29f1bf49cbe20b80ccc5eb9') in 0.091004 seconds 
========================================================================
Received Import Request.
  Time since last request: 110.484510 seconds.
  path: Assets/New Terrain.asset
  artifactKey: Guid(b08bc2ff66d549b448061ac008d59133) Importer(815301076,1909f56bfc062723c751e8b465ee728b)
Start importing Assets/New Terrain.asset using Guid(b08bc2ff66d549b448061ac008d59133) Importer(815301076,1909f56bfc062723c751e8b465ee728b)  -> (artifact id: '1f50ff6fb2b9672a7df2ae7ee122a2ab') in 0.084210 seconds 
========================================================================
Received Import Request.
  Time since last request: 20.283242 seconds.
  path: Assets/New Terrain.asset
  artifactKey: Guid(b08bc2ff66d549b448061ac008d59133) Importer(815301076,1909f56bfc062723c751e8b465ee728b)
Start importing Assets/New Terrain.asset using Guid(b08bc2ff66d549b448061ac008d59133) Importer(815301076,1909f56bfc062723c751e8b465ee728b)  -> (artifact id: 'bdb02e5fd26275514869c07de444c167') in 0.080326 seconds 
========================================================================
Received Import Request.
  Time since last request: 396.834575 seconds.
  path: Assets/MaterialsSimple
  artifactKey: Guid(eede33f594da758478328adae34ff0ca) Importer(815301076,1909f56bfc062723c751e8b465ee728b)
Start importing Assets/MaterialsSimple using Guid(eede33f594da758478328adae34ff0ca) Importer(815301076,1909f56bfc062723c751e8b465ee728b)  -> (artifact id: 'dd42e4516620568cb2ec1e3e5e970acb') in 0.015989 seconds 
